<?xml version="1.0" encoding="UTF-8"?>
<!-- Generated by org.testng.reporters.JUnitReportReporter -->
<testsuite skipped="0" hostname="D67XP882" name="NewTest" tests="1" failures="0" timestamp="02 Dec 2017 19:57:24 GMT" time="0.017" errors="0">
  <testcase name="TFS_01" time="0.017" classname="NewTest"/>
</testsuite> <!-- NewTest -->
