<?xml version="1.0" encoding="UTF-8"?>
<!-- Generated by org.testng.reporters.JUnitReportReporter -->
<testsuite skipped="0" hostname="D67XP882" name="NewTest" tests="1" failures="0" timestamp="02 Dec 2017 19:51:54 GMT" time="0.018" errors="0">
  <testcase name="f" time="0.018" classname="NewTest"/>
</testsuite> <!-- NewTest -->
